<?xml version="1.0" encoding="UTF-8"?>
<!-- Generated by org.testng.reporters.JUnitReportReporter -->
<testsuite hostname="DESKTOP-1RUG6TJ" failures="0" tests="6" name="api.test.DDTests" time="9.721" errors="0" timestamp="2024-07-18T22:29:30 IST" skipped="0">
  <testcase classname="api.test.DDTests" name="testPostUser" time="1.192"/>
  <testcase classname="api.test.DDTests" name="testPostUser" time="1.139"/>
  <testcase classname="api.test.DDTests" name="testPostUser" time="3.990"/>
  <testcase classname="api.test.DDTests" name="testDeleteUserByName" time="1.186"/>
  <testcase classname="api.test.DDTests" name="testDeleteUserByName" time="1.112"/>
  <testcase classname="api.test.DDTests" name="testDeleteUserByName" time="1.102"/>
</testsuite> <!-- api.test.DDTests -->
