<?xml version="1.0" encoding="UTF-8"?>
<!-- Generated by org.testng.reporters.JUnitReportReporter -->
<testsuite hostname="DESKTOP-1RUG6TJ" failures="0" tests="4" name="api.test.UserTests" time="8.672" errors="0" timestamp="2024-07-18T23:01:35 IST" skipped="0">
  <testcase classname="api.test.UserTests" name="testPostUser" time="3.942"/>
  <testcase classname="api.test.UserTests" name="getUserByName" time="1.218"/>
  <testcase classname="api.test.UserTests" name="updatetUserByName" time="2.411"/>
  <testcase classname="api.test.UserTests" name="deleteUserByName" time="1.101"/>
</testsuite> <!-- api.test.UserTests -->
