<?xml version="1.0" encoding="UTF-8"?>
<!-- Generated by org.testng.reporters.JUnitReportReporter -->
<testsuite hostname="DESKTOP-1RUG6TJ" failures="0" tests="4" name="api.test.UserTests2" time="8.765" errors="0" timestamp="2024-07-19T17:41:31 IST" skipped="0">
  <testcase classname="api.test.UserTests2" name="testPostUser" time="4.044"/>
  <testcase classname="api.test.UserTests2" name="getUserByName" time="1.165"/>
  <testcase classname="api.test.UserTests2" name="updatetUserByName" time="2.408"/>
  <testcase classname="api.test.UserTests2" name="deleteUserByName" time="1.148"/>
</testsuite> <!-- api.test.UserTests2 -->
